Project/app/build/intermediates/manifest_merge_blame_file/debug/manifest-merger-blame-debug-report.txt
1<?xml version="1.0" encoding="utf-8"?>
2<manifest xmlns:android="http://schemas.android.com/apk/res/android"
3    package="com.example.recipeapp"
4    android:versionCode="1"
5    android:versionName="1.0" >
6
7    <uses-sdk
8        android:minSdkVersion="16"
8-->src\main\AndroidManifest.xml
9        android:targetSdkVersion="30" />
9-->src\main\AndroidManifest.xml
10
11    <application
11-->src\main\AndroidManifest.xml:5:5-25:19
12        android:allowBackup="true"
12-->src\main\AndroidManifest.xml:6:9-35
13        android:appComponentFactory="androidx.core.app.CoreComponentFactory"
<<<<<<< HEAD
13-->[androidx.core:core:1.5.0] AndroidManifest.xml:24:18-86
=======
13-->[androidx.core:core:1.5.0] AndroidManifest.xml:24:18-86
>>>>>>> subinKim
14        android:debuggable="true"
15        android:icon="@mipmap/ic_launcher"
15-->src\main\AndroidManifest.xml:7:9-43
16        android:label="@string/app_name"
16-->src\main\AndroidManifest.xml:8:9-41
17        android:roundIcon="@mipmap/ic_launcher_round"
17-->src\main\AndroidManifest.xml:9:9-54
18        android:supportsRtl="true"
18-->src\main\AndroidManifest.xml:10:9-35
19        android:testOnly="true"
20        android:theme="@style/Theme.RecipeApp" >
20-->src\main\AndroidManifest.xml:11:9-47
21        <activity
21-->src\main\AndroidManifest.xml:12:9-14:40
22            android:name="com.example.recipeapp.recipe"
22-->src\main\AndroidManifest.xml:13:13-35
23            android:exported="false" />
23-->src\main\AndroidManifest.xml:14:13-37
24        <activity android:name="com.example.recipeapp.Cart" />
24-->src\main\AndroidManifest.xml:16:9-42
24-->src\main\AndroidManifest.xml:16:19-39
25        <activity android:name="com.example.recipeapp.MainActivity" >
25-->src\main\AndroidManifest.xml:18:9-24:20
25-->src\main\AndroidManifest.xml:18:19-47
26            <intent-filter>
26-->src\main\AndroidManifest.xml:19:13-23:29
27                <action android:name="android.intent.action.MAIN" />
27-->src\main\AndroidManifest.xml:20:17-69
27-->src\main\AndroidManifest.xml:20:25-66
28
29                <category android:name="android.intent.category.LAUNCHER" />
29-->src\main\AndroidManifest.xml:22:17-77
29-->src\main\AndroidManifest.xml:22:27-74
30            </intent-filter>
31        </activity>
32    </application>
33
34</manifest>